Build started 18-jul-2012 23:41:09.
     1>Project "C:\Users\Thijs\Dropbox\Visual Studio 2010\Projects\LuaUPnP\LuaUPnP\LuaUPnP.vcxproj" on node 2 (build target(s)).
     1>InitializeBuildStatus:
         Creating "Debug\LuaUPnP.unsuccessfulbuild" because "AlwaysCreate" was specified.
       ClCompile:
         c:\Program Files\Microsoft Visual Studio 10.0\VC\bin\CL.exe /c /I"C:\Users\Thijs\Dropbox\Visual Studio 2010\Projects\LuaUPnP\..\pupnp\build\inc" /I"C:\Users\Thijs\Dropbox\Visual Studio 2010\Projects\LuaUPnP\..\pupnp\build\msvc" /I"C:\Users\Thijs\Dropbox\Visual Studio 2010\Projects\LuaUPnP\..\pupnp\upnp\inc" /I"C:\Users\Thijs\Dropbox\Visual Studio 2010\Projects\LuaUPnP\..\pupnp\ixml\inc" /I"C:\Users\Thijs\Dropbox\Visual Studio 2010\Projects\LuaUPnP\..\pupnp\threadutil\inc" /I"C:\Users\Thijs\Dropbox\Visual Studio 2010\Projects\LuaUPnP\..\pupnp\pthreads\include" /IC:\Users\Public\Lua\5.1\include /I"C:\Users\Thijs\Dropbox\Visual Studio 2010\Projects\LuaUPnP\dss" /ZI /nologo /W3 /WX- /Od /Oy- /D WIN32 /D _DEBUG /D _WINDOWS /D _USRDLL /D LUAUPNP_EXPORTS /D SCRIPTSUPPORT /D UPNP_USE_MSVCPP /D _WINDLL /D _UNICODE /D UNICODE /Gm /EHsc /RTC1 /MDd /GS /fp:precise /Zc:wchar_t /Zc:forScope /Fo"Debug\\" /Fd"Debug\vc100.pdb" /Gd /TC /analyze- /errorReport:prompt LuaUPnP.c
         LuaUPnP.c
     1>c:\users\thijs\dropbox\visual studio 2010\projects\luaupnp\luaupnp\ixmlsupport.c(322): warning C4996: 'sprintf': This function or variable may be unsafe. Consider using sprintf_s instead. To disable deprecation, use _CRT_SECURE_NO_WARNINGS. See online help for details.
                 c:\program files\microsoft visual studio 10.0\vc\include\stdio.h(371) : see declaration of 'sprintf'
     1>c:\users\thijs\dropbox\visual studio 2010\projects\luaupnp\luaupnp\upnpsupport.c(241): warning C4996: 'sprintf': This function or variable may be unsafe. Consider using sprintf_s instead. To disable deprecation, use _CRT_SECURE_NO_WARNINGS. See online help for details.
                 c:\program files\microsoft visual studio 10.0\vc\include\stdio.h(371) : see declaration of 'sprintf'
     1>c:\users\thijs\dropbox\visual studio 2010\projects\luaupnp\luaupnp\upnpsupport.c(249): warning C4996: 'sprintf': This function or variable may be unsafe. Consider using sprintf_s instead. To disable deprecation, use _CRT_SECURE_NO_WARNINGS. See online help for details.
                 c:\program files\microsoft visual studio 10.0\vc\include\stdio.h(371) : see declaration of 'sprintf'
     1>c:\users\thijs\dropbox\visual studio 2010\projects\luaupnp\dss\darksidesync_aux.c(34): warning C4996: 'sprintf': This function or variable may be unsafe. Consider using sprintf_s instead. To disable deprecation, use _CRT_SECURE_NO_WARNINGS. See online help for details.
                 c:\program files\microsoft visual studio 10.0\vc\include\stdio.h(371) : see declaration of 'sprintf'
     1>c:\users\thijs\dropbox\visual studio 2010\projects\luaupnp\dss\darksidesync_aux.c(38): warning C4996: 'sprintf': This function or variable may be unsafe. Consider using sprintf_s instead. To disable deprecation, use _CRT_SECURE_NO_WARNINGS. See online help for details.
                 c:\program files\microsoft visual studio 10.0\vc\include\stdio.h(371) : see declaration of 'sprintf'
       ManifestResourceCompile:
         All outputs are up-to-date.
       Link:
         c:\Program Files\Microsoft Visual Studio 10.0\VC\bin\link.exe /ERRORREPORT:PROMPT /OUT:"C:\Users\Thijs\Dropbox\Visual Studio 2010\Projects\LuaUPnP\Debug\LuaUPnP.dll" /INCREMENTAL /NOLOGO /LIBPATH:"C:\Users\Thijs\Dropbox\Visual Studio 2010\Projects\LuaUPnP\libupnp" /LIBPATH:C:\Users\Public\Lua\5.1\lib lua51.lib libupnp.lib kernel32.lib user32.lib gdi32.lib winspool.lib comdlg32.lib advapi32.lib shell32.lib ole32.lib oleaut32.lib uuid.lib odbc32.lib odbccp32.lib /MANIFEST /ManifestFile:"Debug\LuaUPnP.dll.intermediate.manifest" /MANIFESTUAC:"level='asInvoker' uiAccess='false'" /DEBUG /PDB:"C:\Users\Thijs\Dropbox\Visual Studio 2010\Projects\LuaUPnP\Debug\LuaUPnP.pdb" /SUBSYSTEM:WINDOWS /TLBID:1 /DYNAMICBASE /NXCOMPAT /IMPLIB:"C:\Users\Thijs\Dropbox\Visual Studio 2010\Projects\LuaUPnP\Debug\LuaUPnP.lib" /MACHINE:X86 /DLL Debug\LuaUPnP.dll.embed.manifest.res
         Debug\LuaUPnP.obj
       Manifest:
         c:\Program Files\Microsoft SDKs\Windows\v7.0A\bin\mt.exe /nologo /verbose /out:"Debug\LuaUPnP.dll.embed.manifest" /manifest Debug\LuaUPnP.dll.intermediate.manifest
         All outputs are up-to-date.
       LinkEmbedManifest:
         All outputs are up-to-date.
         LuaUPnP.vcxproj -> C:\Users\Thijs\Dropbox\Visual Studio 2010\Projects\LuaUPnP\Debug\LuaUPnP.dll
       PostBuildEvent:
         "C:\Users\Thijs\Dropbox\Visual Studio 2010\Projects\LuaUPnP\LuaUPnP\install.bat"
         :VCEnd
         Copying upnp dll's
         ..\libupnp\pthreadVC2.dll
         The process cannot access the file because it is being used by another process.
                 0 file(s) copied.
         ..\libupnp\libupnp.dll
         The process cannot access the file because it is being used by another process.
         ..\libupnp\libupnp.exp
         ..\libupnp\libupnp.lib
         ..\libupnp\libupnp.pdb
                 3 file(s) copied.
         Copying file 'LuaUPnP.*'
         ..\Debug\LuaUPnP.dll
         ..\Debug\LuaUPnP.exp
         ..\Debug\LuaUPnP.ilk
         ..\Debug\LuaUPnP.lib
         ..\Debug\LuaUPnP.pdb
                 5 file(s) copied.
       FinalizeBuildStatus:
         Deleting file "Debug\LuaUPnP.unsuccessfulbuild".
         Touching "Debug\LuaUPnP.lastbuildstate".
     1>Done Building Project "C:\Users\Thijs\Dropbox\Visual Studio 2010\Projects\LuaUPnP\LuaUPnP\LuaUPnP.vcxproj" (build target(s)).

Build succeeded.

Time Elapsed 00:00:01.66
