C:\USERS\THIJS\DROPBOX\VISUAL STUDIO 2010\PROJECTS\LUAUPNP\DEBUG\LUAUPNP.DLL
C:\Users\Thijs\Dropbox\Visual Studio 2010\Projects\LuaUPnP\Debug\LuaUPnP.exp
C:\USERS\THIJS\DROPBOX\VISUAL STUDIO 2010\PROJECTS\LUAUPNP\DEBUG\LUAUPNP.ILK
C:\Users\Thijs\Dropbox\Visual Studio 2010\Projects\LuaUPnP\Debug\LuaUPnP.lib
C:\USERS\THIJS\DROPBOX\VISUAL STUDIO 2010\PROJECTS\LUAUPNP\DEBUG\LUAUPNP.PDB
C:\Users\Thijs\Dropbox\Visual Studio 2010\Projects\LuaUPnP\LuaUPnP\Debug\cl.command.1.tlog
C:\Users\Thijs\Dropbox\Visual Studio 2010\Projects\LuaUPnP\LuaUPnP\Debug\CL.read.1.tlog
C:\Users\Thijs\Dropbox\Visual Studio 2010\Projects\LuaUPnP\LuaUPnP\Debug\CL.write.1.tlog
C:\Users\Thijs\Dropbox\Visual Studio 2010\Projects\LuaUPnP\LuaUPnP\Debug\link.2804.read.1.tlog
C:\Users\Thijs\Dropbox\Visual Studio 2010\Projects\LuaUPnP\LuaUPnP\Debug\link.2804.write.1.tlog
C:\Users\Thijs\Dropbox\Visual Studio 2010\Projects\LuaUPnP\LuaUPnP\Debug\link.2804-cvtres.read.1.tlog
C:\Users\Thijs\Dropbox\Visual Studio 2010\Projects\LuaUPnP\LuaUPnP\Debug\link.2804-cvtres.write.1.tlog
C:\Users\Thijs\Dropbox\Visual Studio 2010\Projects\LuaUPnP\LuaUPnP\Debug\link.command.1.tlog
C:\Users\Thijs\Dropbox\Visual Studio 2010\Projects\LuaUPnP\LuaUPnP\Debug\link.read.1.tlog
C:\Users\Thijs\Dropbox\Visual Studio 2010\Projects\LuaUPnP\LuaUPnP\Debug\link.write.1.tlog
C:\Users\Thijs\Dropbox\Visual Studio 2010\Projects\LuaUPnP\LuaUPnP\Debug\link-cvtres.read.1.tlog
C:\Users\Thijs\Dropbox\Visual Studio 2010\Projects\LuaUPnP\LuaUPnP\Debug\link-cvtres.write.1.tlog
C:\USERS\THIJS\DROPBOX\VISUAL STUDIO 2010\PROJECTS\LUAUPNP\LUAUPNP\DEBUG\LUAUPNP.DLL.EMBED.MANIFEST
C:\USERS\THIJS\DROPBOX\VISUAL STUDIO 2010\PROJECTS\LUAUPNP\LUAUPNP\DEBUG\LUAUPNP.DLL.EMBED.MANIFEST.RES
C:\USERS\THIJS\DROPBOX\VISUAL STUDIO 2010\PROJECTS\LUAUPNP\LUAUPNP\DEBUG\LUAUPNP.DLL.INTERMEDIATE.MANIFEST
C:\USERS\THIJS\DROPBOX\VISUAL STUDIO 2010\PROJECTS\LUAUPNP\LUAUPNP\DEBUG\LUAUPNP.OBJ
C:\Users\Thijs\Dropbox\Visual Studio 2010\Projects\LuaUPnP\LuaUPnP\Debug\LuaUPnP.write.1.tlog
C:\Users\Thijs\Dropbox\Visual Studio 2010\Projects\LuaUPnP\LuaUPnP\Debug\LuaUPnP_manifest.rc
C:\Users\Thijs\Dropbox\Visual Studio 2010\Projects\LuaUPnP\LuaUPnP\Debug\mt.command.1.tlog
C:\Users\Thijs\Dropbox\Visual Studio 2010\Projects\LuaUPnP\LuaUPnP\Debug\mt.read.1.tlog
C:\Users\Thijs\Dropbox\Visual Studio 2010\Projects\LuaUPnP\LuaUPnP\Debug\mt.write.1.tlog
C:\Users\Thijs\Dropbox\Visual Studio 2010\Projects\LuaUPnP\LuaUPnP\Debug\rc.command.1.tlog
C:\Users\Thijs\Dropbox\Visual Studio 2010\Projects\LuaUPnP\LuaUPnP\Debug\rc.read.1.tlog
C:\Users\Thijs\Dropbox\Visual Studio 2010\Projects\LuaUPnP\LuaUPnP\Debug\rc.write.1.tlog
C:\Users\Thijs\Dropbox\Visual Studio 2010\Projects\LuaUPnP\LuaUPnP\Debug\vc100.idb
C:\USERS\THIJS\DROPBOX\VISUAL STUDIO 2010\PROJECTS\LUAUPNP\LUAUPNP\DEBUG\VC100.PDB
